# JRE version: OpenJDK Runtime Environment (11.0.11+9) (build 11.0.11+9-b60-7590822)
# Java VM: OpenJDK 64-Bit Server VM (11.0.11+9-b60-7590822, mixed mode, tiered, compressed oops, g1 gc, windows-amd64)
Heap:
 garbage-first heap   total 312320K, used 59359K [0x0000000703a00000, 0x0000000800000000)
  region size 1024K, 38 young (38912K), 3 survivors (3072K)
 Metaspace       used 45455K, capacity 45976K, committed 46236K, reserved 1089536K
  class space    used 5484K, capacity 5675K, committed 5708K, reserved 1048576K
GC Heap History (10 events):
Event: 0.353 GC heap before
{Heap before GC invocations=0 (full 0):
 garbage-first heap   total 260096K, used 27648K [0x0000000703a00000, 0x0000000800000000)
  region size 1024K, 24 young (24576K), 0 survivors (0K)
 Metaspace       used 12337K, capacity 12504K, committed 12800K, reserved 1060864K
  class space    used 1163K, capacity 1207K, committed 1280K, reserved 1048576K
}
Event: 0.355 GC heap after
{Heap after GC invocations=1 (full 0):
 garbage-first heap   total 260096K, used 5700K [0x0000000703a00000, 0x0000000800000000)
  region size 1024K, 3 young (3072K), 3 survivors (3072K)
 Metaspace       used 12337K, capacity 12504K, committed 12800K, reserved 1060864K
  class space    used 1163K, capacity 1207K, committed 1280K, reserved 1048576K
}
Event: 0.759 GC heap before
{Heap before GC invocations=1 (full 0):
 garbage-first heap   total 260096K, used 41540K [0x0000000703a00000, 0x0000000800000000)
  region size 1024K, 39 young (39936K), 3 survivors (3072K)
 Metaspace       used 20899K, capacity 21118K, committed 21296K, reserved 1069056K
  class space    used 2239K, capacity 2344K, committed 2432K, reserved 1048576K
}
Event: 0.768 GC heap after
{Heap after GC invocations=2 (full 0):
 garbage-first heap   total 260096K, used 9174K [0x0000000703a00000, 0x0000000800000000)
  region size 1024K, 6 young (6144K), 6 survivors (6144K)
 Metaspace       used 20899K, capacity 21118K, committed 21296K, reserved 1069056K
  class space    used 2239K, capacity 2344K, committed 2432K, reserved 1048576K
}
Event: 1.320 GC heap before
{Heap before GC invocations=3 (full 0):
 garbage-first heap   total 260096K, used 65494K [0x0000000703a00000, 0x0000000800000000)
  region size 1024K, 56 young (57344K), 6 survivors (6144K)
 Metaspace       used 31691K, capacity 32152K, committed 32304K, reserved 1077248K
  class space    used 4000K, capacity 4182K, committed 4224K, reserved 1048576K
}
Event: 1.330 GC heap after
{Heap after GC invocations=4 (full 0):
 garbage-first heap   total 260096K, used 21055K [0x0000000703a00000, 0x0000000800000000)
  region size 1024K, 7 young (7168K), 7 survivors (7168K)
 Metaspace       used 31691K, capacity 32152K, committed 32304K, reserved 1077248K
  class space    used 4000K, capacity 4182K, committed 4224K, reserved 1048576K
}
Event: 1.489 GC heap before
{Heap before GC invocations=4 (full 0):
 garbage-first heap   total 260096K, used 37439K [0x0000000703a00000, 0x0000000800000000)
  region size 1024K, 24 young (24576K), 7 survivors (7168K)
 Metaspace       used 35412K, capacity 35843K, committed 35920K, reserved 1081344K
  class space    used 4419K, capacity 4602K, committed 4608K, reserved 1048576K
}
Event: 1.496 GC heap after
{Heap after GC invocations=5 (full 0):
 garbage-first heap   total 260096K, used 23267K [0x0000000703a00000, 0x0000000800000000)
  region size 1024K, 7 young (7168K), 7 survivors (7168K)
 Metaspace       used 35412K, capacity 35843K, committed 35920K, reserved 1081344K
  class space    used 4419K, capacity 4602K, committed 4608K, reserved 1048576K
}
Event: 1.609 GC heap before
{Heap before GC invocations=6 (full 0):
 garbage-first heap   total 260096K, used 35555K [0x0000000703a00000, 0x0000000800000000)
  region size 1024K, 19 young (19456K), 7 survivors (7168K)
 Metaspace       used 37414K, capacity 37883K, committed 38044K, reserved 1083392K
  class space    used 4632K, capacity 4832K, committed 4940K, reserved 1048576K
}
Event: 1.614 GC heap after
{Heap after GC invocations=7 (full 0):
 garbage-first heap   total 312320K, used 24543K [0x0000000703a00000, 0x0000000800000000)
  region size 1024K, 3 young (3072K), 3 survivors (3072K)
 Metaspace       used 37414K, capacity 37883K, committed 38044K, reserved 1083392K
  class space    used 4632K, capacity 4832K, committed 4940K, reserved 1048576K
}

